2025-04-04 09:40:52.998580 - Received SBGOLOB.CBT509.FILE434 from FILE434.XMI 
2025-04-04 09:40:53.002959 - Found $$$$READ.txt (text/plain) in SBGOLOB.CBT509.FILE434, moved to PDS/$$$$READ
2025-04-04 09:40:53.003126 - Found $$$#DATE.txt (text/plain) in SBGOLOB.CBT509.FILE434, moved to PDS/$$$#DATE
2025-04-04 09:40:53.003275 - Found $$$INDEX.txt (text/plain) in SBGOLOB.CBT509.FILE434, moved to PDS/$$$INDEX
2025-04-04 09:40:53.003416 - Found $$CHANGE.txt (text/plain) in SBGOLOB.CBT509.FILE434, moved to PDS/$$CHANGE
2025-04-04 09:40:53.003551 - Found $$INSTAL.txt (text/plain) in SBGOLOB.CBT509.FILE434, moved to PDS/$$INSTAL
2025-04-04 09:40:53.003683 - Found $ONEPAK.txt (text/plain) in SBGOLOB.CBT509.FILE434, moved to PDS/$ONEPAK
2025-04-04 09:40:53.003823 - Found $ROOTSHR.txt (text/plain) in SBGOLOB.CBT509.FILE434, moved to PDS/$ROOTSHR
2025-04-04 09:40:53.003967 - Found $RXINTRO.txt (text/plain) in SBGOLOB.CBT509.FILE434, moved to PDS/$RXINTRO
2025-04-04 09:40:53.004110 - Found $SNGLTSO.txt (text/plain) in SBGOLOB.CBT509.FILE434, moved to PDS/$SNGLTSO
2025-04-04 09:40:53.004238 - Found $WLMMONO.txt (text/plain) in SBGOLOB.CBT509.FILE434, moved to PDS/$WLMMONO
2025-04-04 09:40:53.004358 - Found @FILE434.txt (text/plain) in SBGOLOB.CBT509.FILE434, moved to PDS/@FILE434
2025-04-04 09:40:53.004479 - Found ACBCHECK.jcl (text/plain) in SBGOLOB.CBT509.FILE434, moved to PDS/ACBCHECK
2025-04-04 09:40:53.004622 - Found AMBCLIST.txt (text/plain) in SBGOLOB.CBT509.FILE434, moved to PDS/AMBCLIST
2025-04-04 09:40:53.004754 - Found AMBPANEL.txt (text/plain) in SBGOLOB.CBT509.FILE434, moved to PDS/AMBPANEL
2025-04-04 09:40:53.004916 - Found APFVER.rexx (text/plain) in SBGOLOB.CBT509.FILE434, moved to PDS/APFVER
2025-04-04 09:40:53.005073 - Found ASIDLIST.jcl (text/plain) in SBGOLOB.CBT509.FILE434, moved to PDS/ASIDLIST
2025-04-04 09:40:53.005204 - Found ASIDLRX.rexx (text/plain) in SBGOLOB.CBT509.FILE434, moved to PDS/ASIDLRX
2025-04-04 09:40:53.005343 - Found BLKCLIST.txt (text/plain) in SBGOLOB.CBT509.FILE434, moved to PDS/BLKCLIST
2025-04-04 09:40:53.005490 - Found BLKPANEL.txt (text/plain) in SBGOLOB.CBT509.FILE434, moved to PDS/BLKPANEL
2025-04-04 09:40:53.005633 - Found CALC.rexx (text/x-Algol68) in SBGOLOB.CBT509.FILE434, moved to PDS/CALC
2025-04-04 09:40:53.005771 - Found CAT.rexx (text/plain) in SBGOLOB.CBT509.FILE434, moved to PDS/CAT
2025-04-04 09:40:53.005906 - Found CATSRCH.rexx (text/plain) in SBGOLOB.CBT509.FILE434, moved to PDS/CATSRCH
2025-04-04 09:40:53.006101 - Found CATSRCHP.txt (text/plain) in SBGOLOB.CBT509.FILE434, moved to PDS/CATSRCHP
2025-04-04 09:40:53.006246 - Found CLONERES.jcl (text/plain) in SBGOLOB.CBT509.FILE434, moved to PDS/CLONERES
2025-04-04 09:40:53.006372 - Found CLONERSO.jcl (text/plain) in SBGOLOB.CBT509.FILE434, moved to PDS/CLONERSO
2025-04-04 09:40:53.006500 - Found CMD34.rexx (text/plain) in SBGOLOB.CBT509.FILE434, moved to PDS/CMD34
2025-04-04 09:40:53.006628 - Found COLADD.rexx (text/plain) in SBGOLOB.CBT509.FILE434, moved to PDS/COLADD
2025-04-04 09:40:53.006751 - Found COLUTIL.rexx (text/plain) in SBGOLOB.CBT509.FILE434, moved to PDS/COLUTIL
2025-04-04 09:40:53.006876 - Found CRPL.rexx (text/plain) in SBGOLOB.CBT509.FILE434, moved to PDS/CRPL
2025-04-04 09:40:53.007000 - Found DB.rexx (text/plain) in SBGOLOB.CBT509.FILE434, moved to PDS/DB
2025-04-04 09:40:53.007145 - Found DELDUPS.rexx (text/plain) in SBGOLOB.CBT509.FILE434, moved to PDS/DELDUPS
2025-04-04 09:40:53.007261 - Found DELDUPS2.rexx (text/plain) in SBGOLOB.CBT509.FILE434, moved to PDS/DELDUPS2
2025-04-04 09:40:53.007393 - Found DELNX.rexx (text/plain) in SBGOLOB.CBT509.FILE434, moved to PDS/DELNX
2025-04-04 09:40:53.007511 - Found DELX.rexx (text/plain) in SBGOLOB.CBT509.FILE434, moved to PDS/DELX
2025-04-04 09:40:53.007635 - Found DSLISTSV.txt (text/plain) in SBGOLOB.CBT509.FILE434, moved to PDS/DSLISTSV
2025-04-04 09:40:53.007756 - Found DT.rexx (text/plain) in SBGOLOB.CBT509.FILE434, moved to PDS/DT
2025-04-04 09:40:53.007878 - Found EDMACALL.rexx (text/plain) in SBGOLOB.CBT509.FILE434, moved to PDS/EDMACALL
2025-04-04 09:40:53.007990 - Found EXCL.rexx (text/plain) in SBGOLOB.CBT509.FILE434, moved to PDS/EXCL
2025-04-04 09:40:53.008109 - Found FILL.rexx (text/plain) in SBGOLOB.CBT509.FILE434, moved to PDS/FILL
2025-04-04 09:40:53.008246 - Found FINDASYS.txt (text/plain) in SBGOLOB.CBT509.FILE434, moved to PDS/FINDASYS
2025-04-04 09:40:53.008376 - Found FINDMOD.rexx (text/plain) in SBGOLOB.CBT509.FILE434, moved to PDS/FINDMOD
2025-04-04 09:40:53.008495 - Found FVE.rexx (text/plain) in SBGOLOB.CBT509.FILE434, moved to PDS/FVE
2025-04-04 09:40:53.008625 - Found HLISTB.rexx (text/plain) in SBGOLOB.CBT509.FILE434, moved to PDS/HLISTB
2025-04-04 09:40:53.008742 - Found HLISTBL.rexx (text/plain) in SBGOLOB.CBT509.FILE434, moved to PDS/HLISTBL
2025-04-04 09:40:53.008862 - Found HLISTM.rexx (text/plain) in SBGOLOB.CBT509.FILE434, moved to PDS/HLISTM
2025-04-04 09:40:53.008982 - Found HLISTML.rexx (text/plain) in SBGOLOB.CBT509.FILE434, moved to PDS/HLISTML
2025-04-04 09:40:53.009095 - Found INCL.rexx (text/plain) in SBGOLOB.CBT509.FILE434, moved to PDS/INCL
2025-04-04 09:40:53.009217 - Found INDIRECR.rexx (text/plain) in SBGOLOB.CBT509.FILE434, moved to PDS/INDIRECR
2025-04-04 09:40:53.009343 - Found INSLINE.rexx (text/plain) in SBGOLOB.CBT509.FILE434, moved to PDS/INSLINE
2025-04-04 09:40:53.009460 - Found IPLHIST.rexx (text/plain) in SBGOLOB.CBT509.FILE434, moved to PDS/IPLHIST
2025-04-04 09:40:53.010163 - Found IPLINFO.rexx (text/plain) in SBGOLOB.CBT509.FILE434, moved to PDS/IPLINFO
2025-04-04 09:40:53.010281 - Found ISPCMDSA.txt (text/plain) in SBGOLOB.CBT509.FILE434, moved to PDS/ISPCMDSA
2025-04-04 09:40:53.010402 - Found ISPDFLTS.jcl (text/plain) in SBGOLOB.CBT509.FILE434, moved to PDS/ISPDFLTS
2025-04-04 09:40:53.010522 - Found ISPEX16.jcl (text/plain) in SBGOLOB.CBT509.FILE434, moved to PDS/ISPEX16
2025-04-04 09:40:53.010635 - Found JOBCHECK.jcl (text/plain) in SBGOLOB.CBT509.FILE434, moved to PDS/JOBCHECK
2025-04-04 09:40:53.010750 - Found JOBCHKRX.rexx (text/plain) in SBGOLOB.CBT509.FILE434, moved to PDS/JOBCHKRX
2025-04-04 09:40:53.010874 - Found KEYSWAP.rexx (text/plain) in SBGOLOB.CBT509.FILE434, moved to PDS/KEYSWAP
2025-04-04 09:40:53.010987 - Found LASTIPL.rexx (text/plain) in SBGOLOB.CBT509.FILE434, moved to PDS/LASTIPL
2025-04-04 09:40:53.011111 - Found LINEMAC.rexx (text/plain) in SBGOLOB.CBT509.FILE434, moved to PDS/LINEMAC
2025-04-04 09:40:53.011226 - Found LINETBL.bin (application/octet-stream) in SBGOLOB.CBT509.FILE434, moved to PDS/LINETBL
2025-04-04 09:40:53.011338 - Found LMPREXX.rexx (text/plain) in SBGOLOB.CBT509.FILE434, moved to PDS/LMPREXX
2025-04-04 09:40:53.011459 - Found LNKVER.rexx (text/plain) in SBGOLOB.CBT509.FILE434, moved to PDS/LNKVER
2025-04-04 09:40:53.011596 - Found LOGRREXX.jcl (text/plain) in SBGOLOB.CBT509.FILE434, moved to PDS/LOGRREXX
2025-04-04 09:40:53.011710 - Found LPROG.rexx (text/plain) in SBGOLOB.CBT509.FILE434, moved to PDS/LPROG
2025-04-04 09:40:53.011842 - Found MEMLSTSV.rexx (text/plain) in SBGOLOB.CBT509.FILE434, moved to PDS/MEMLSTSV
2025-04-04 09:40:53.011978 - Found ONEPAKZD.jcl (text/plain) in SBGOLOB.CBT509.FILE434, moved to PDS/ONEPAKZD
2025-04-04 09:40:53.012125 - Found ONEPAKZ3.jcl (text/plain) in SBGOLOB.CBT509.FILE434, moved to PDS/ONEPAKZ3
2025-04-04 09:40:53.012258 - Found ONEPAKZ6.jcl (text/plain) in SBGOLOB.CBT509.FILE434, moved to PDS/ONEPAKZ6
2025-04-04 09:40:53.012393 - Found ONEPAKZ8.jcl (text/plain) in SBGOLOB.CBT509.FILE434, moved to PDS/ONEPAKZ8
2025-04-04 09:40:53.012526 - Found ONEPAK21.jcl (text/plain) in SBGOLOB.CBT509.FILE434, moved to PDS/ONEPAK21
2025-04-04 09:40:53.012668 - Found ONEPAK22.jcl (text/plain) in SBGOLOB.CBT509.FILE434, moved to PDS/ONEPAK22
2025-04-04 09:40:53.012802 - Found ONEPAK43.jcl (text/plain) in SBGOLOB.CBT509.FILE434, moved to PDS/ONEPAK43
2025-04-04 09:40:53.012941 - Found PREFIX.rexx (text/plain) in SBGOLOB.CBT509.FILE434, moved to PDS/PREFIX
2025-04-04 09:40:53.013057 - Found PREFIX2.rexx (text/plain) in SBGOLOB.CBT509.FILE434, moved to PDS/PREFIX2
2025-04-04 09:40:53.013184 - Found RACFUDEL.jcl (text/plain) in SBGOLOB.CBT509.FILE434, moved to PDS/RACFUDEL
2025-04-04 09:40:53.013312 - Found RDATE.rexx (text/plain) in SBGOLOB.CBT509.FILE434, moved to PDS/RDATE
2025-04-04 09:40:53.013433 - Found RDATEF.rexx (text/plain) in SBGOLOB.CBT509.FILE434, moved to PDS/RDATEF
2025-04-04 09:40:53.013549 - Found REXXMEM.rexx (text/plain) in SBGOLOB.CBT509.FILE434, moved to PDS/REXXMEM
2025-04-04 09:40:53.013668 - Found REXXSCAN.rexx (text/plain) in SBGOLOB.CBT509.FILE434, moved to PDS/REXXSCAN
2025-04-04 09:40:53.013786 - Found REXXSTOJ.jcl (text/plain) in SBGOLOB.CBT509.FILE434, moved to PDS/REXXSTOJ
2025-04-04 09:40:53.013899 - Found REXXSTOR.rexx (text/plain) in SBGOLOB.CBT509.FILE434, moved to PDS/REXXSTOR
2025-04-04 09:40:53.014035 - Found RXINTRO.xmi (application/xmit) in SBGOLOB.CBT509.FILE434, moved to PDS/RXINTRO.xmi
2025-04-04 09:40:53.023617 - Received USZCZT0.$RXINTRO.ZIP from RXINTRO.xmi 
2025-04-04 09:40:53.023792 - Found USZCZT0.$RXINTRO.ZIP.bin (application/octet-stream), moved to RXINTRO/USZCZT0.$RXINTRO.ZIP
2025-04-04 09:40:53.024070 - Found RXSMF30.rexx (text/plain) in SBGOLOB.CBT509.FILE434, moved to PDS/RXSMF30
2025-04-04 09:40:53.024198 - Found RXSTOR64.rexx (text/plain) in SBGOLOB.CBT509.FILE434, moved to PDS/RXSTOR64
2025-04-04 09:40:53.024320 - Found SDSF@DR.rexx (text/plain) in SBGOLOB.CBT509.FILE434, moved to PDS/SDSF@DR
2025-04-04 09:40:53.024430 - Found SDSFPRT.rexx (text/plain) in SBGOLOB.CBT509.FILE434, moved to PDS/SDSFPRT
2025-04-04 09:40:53.024545 - Found SMPBLD1.jcl (text/plain) in SBGOLOB.CBT509.FILE434, moved to PDS/SMPBLD1
2025-04-04 09:40:53.024682 - Found SMPBLD2.jcl (text/plain) in SBGOLOB.CBT509.FILE434, moved to PDS/SMPBLD2
2025-04-04 09:40:53.024800 - Found SMPBLD3.jcl (text/plain) in SBGOLOB.CBT509.FILE434, moved to PDS/SMPBLD3
2025-04-04 09:40:53.024919 - Found SMPDELF.jcl (text/plain) in SBGOLOB.CBT509.FILE434, moved to PDS/SMPDELF
2025-04-04 09:40:53.025039 - Found SUFFIX.rexx (text/plain) in SBGOLOB.CBT509.FILE434, moved to PDS/SUFFIX
2025-04-04 09:40:53.025161 - Found SW.rexx (text/plain) in SBGOLOB.CBT509.FILE434, moved to PDS/SW
2025-04-04 09:40:53.025283 - Found TAPESTAK.rexx (text/plain) in SBGOLOB.CBT509.FILE434, moved to PDS/TAPESTAK
2025-04-04 09:40:53.025409 - Found TSOB.rexx (text/plain) in SBGOLOB.CBT509.FILE434, moved to PDS/TSOB
2025-04-04 09:40:53.025540 - Found TSOE.rexx (text/plain) in SBGOLOB.CBT509.FILE434, moved to PDS/TSOE
2025-04-04 09:40:53.025667 - Found TSOR.rexx (text/plain) in SBGOLOB.CBT509.FILE434, moved to PDS/TSOR
2025-04-04 09:40:53.025781 - Found TSOV.rexx (text/plain) in SBGOLOB.CBT509.FILE434, moved to PDS/TSOV
2025-04-04 09:40:53.025948 - Found TWOPAKZD.jcl (text/plain) in SBGOLOB.CBT509.FILE434, moved to PDS/TWOPAKZD
2025-04-04 09:40:53.026118 - Found TWOPAKZ3.jcl (text/plain) in SBGOLOB.CBT509.FILE434, moved to PDS/TWOPAKZ3
2025-04-04 09:40:53.026289 - Found TWOPAKZ6.jcl (text/plain) in SBGOLOB.CBT509.FILE434, moved to PDS/TWOPAKZ6
2025-04-04 09:40:53.026462 - Found TWOPAKZ8.jcl (text/plain) in SBGOLOB.CBT509.FILE434, moved to PDS/TWOPAKZ8
2025-04-04 09:40:53.026622 - Found TWOPAK21.jcl (text/plain) in SBGOLOB.CBT509.FILE434, moved to PDS/TWOPAK21
2025-04-04 09:40:53.026782 - Found TWOPAK22.jcl (text/plain) in SBGOLOB.CBT509.FILE434, moved to PDS/TWOPAK22
2025-04-04 09:40:53.026949 - Found TWOPAK23.jcl (text/plain) in SBGOLOB.CBT509.FILE434, moved to PDS/TWOPAK23
2025-04-04 09:40:53.027113 - Found TWOPAK24.jcl (text/plain) in SBGOLOB.CBT509.FILE434, moved to PDS/TWOPAK24
2025-04-04 09:40:53.027270 - Found TWOPAK25.jcl (text/plain) in SBGOLOB.CBT509.FILE434, moved to PDS/TWOPAK25
2025-04-04 09:40:53.027390 - Found UMJES01.txt (text/plain) in SBGOLOB.CBT509.FILE434, moved to PDS/UMJES01
2025-04-04 09:40:53.027511 - Found UMJES01O.txt (text/plain) in SBGOLOB.CBT509.FILE434, moved to PDS/UMJES01O
2025-04-04 09:40:53.027624 - Found UMJES012.txt (text/plain) in SBGOLOB.CBT509.FILE434, moved to PDS/UMJES012
2025-04-04 09:40:53.027747 - Found UMJES06.txt (text/plain) in SBGOLOB.CBT509.FILE434, moved to PDS/UMJES06
2025-04-04 09:40:53.027873 - Found VIEWREP.rexx (text/plain) in SBGOLOB.CBT509.FILE434, moved to PDS/VIEWREP
2025-04-04 09:40:53.028014 - Found VTOCLIST.txt (text/plain) in SBGOLOB.CBT509.FILE434, moved to PDS/VTOCLIST
2025-04-04 09:40:53.028131 - Found VTOCTOT.jcl (text/plain) in SBGOLOB.CBT509.FILE434, moved to PDS/VTOCTOT
2025-04-04 09:40:53.028248 - Found XBROWSE.rexx (text/plain) in SBGOLOB.CBT509.FILE434, moved to PDS/XBROWSE
2025-04-04 09:40:53.028362 - Found XDSLIST.rexx (text/plain) in SBGOLOB.CBT509.FILE434, moved to PDS/XDSLIST
2025-04-04 09:40:53.028487 - Found XEDIT.rexx (text/plain) in SBGOLOB.CBT509.FILE434, moved to PDS/XEDIT
2025-04-04 09:40:53.028602 - Found XEF.rexx (text/plain) in SBGOLOB.CBT509.FILE434, moved to PDS/XEF
2025-04-04 09:40:53.028713 - Found XEFCLIST.txt (text/plain) in SBGOLOB.CBT509.FILE434, moved to PDS/XEFCLIST
2025-04-04 09:40:53.028839 - Found XEFHELP.txt (text/plain) in SBGOLOB.CBT509.FILE434, moved to PDS/XEFHELP
2025-04-04 09:40:53.028960 - Found XEFHELP2.txt (text/plain) in SBGOLOB.CBT509.FILE434, moved to PDS/XEFHELP2
2025-04-04 09:40:53.029092 - Found XEFHELP3.txt (text/plain) in SBGOLOB.CBT509.FILE434, moved to PDS/XEFHELP3
2025-04-04 09:40:53.029211 - Found XEFHELP4.txt (text/plain) in SBGOLOB.CBT509.FILE434, moved to PDS/XEFHELP4
2025-04-04 09:40:53.029334 - Found XEFINF.txt (text/plain) in SBGOLOB.CBT509.FILE434, moved to PDS/XEFINF
2025-04-04 09:40:53.029454 - Found XEFINFD.txt (text/plain) in SBGOLOB.CBT509.FILE434, moved to PDS/XEFINFD
2025-04-04 09:40:53.029571 - Found XEFINFE.txt (text/plain) in SBGOLOB.CBT509.FILE434, moved to PDS/XEFINFE
2025-04-04 09:40:53.029686 - Found XEFINFP.txt (text/plain) in SBGOLOB.CBT509.FILE434, moved to PDS/XEFINFP
2025-04-04 09:40:53.029821 - Found XEFINFS.txt (text/plain) in SBGOLOB.CBT509.FILE434, moved to PDS/XEFINFS
2025-04-04 09:40:53.029964 - Found XEFLIBD.rexx (text/plain) in SBGOLOB.CBT509.FILE434, moved to PDS/XEFLIBD
2025-04-04 09:40:53.030100 - Found XEFMENU.txt (text/plain) in SBGOLOB.CBT509.FILE434, moved to PDS/XEFMENU
2025-04-04 09:40:53.030213 - Found XEFMENUB.txt (text/plain) in SBGOLOB.CBT509.FILE434, moved to PDS/XEFMENUB
2025-04-04 09:40:53.030349 - Found XEFV62.xmi (application/xmit) in SBGOLOB.CBT509.FILE434, moved to PDS/XEFV62.xmi
2025-04-04 09:40:53.166327 - Received USZCZT0.XEF.V62 from XEFV62.xmi 
2025-04-04 09:40:53.167147 - Found XEF.rexx (text/plain) in USZCZT0.XEF.V62, moved to XEFV62/XEF
2025-04-04 09:40:53.167293 - Found XEFCLIST.txt (text/plain) in USZCZT0.XEF.V62, moved to XEFV62/XEFCLIST
2025-04-04 09:40:53.167420 - Found XEFHELP.txt (text/plain) in USZCZT0.XEF.V62, moved to XEFV62/XEFHELP
2025-04-04 09:40:53.167556 - Found XEFHELP2.txt (text/plain) in USZCZT0.XEF.V62, moved to XEFV62/XEFHELP2
2025-04-04 09:40:53.167686 - Found XEFHELP3.txt (text/plain) in USZCZT0.XEF.V62, moved to XEFV62/XEFHELP3
2025-04-04 09:40:53.167808 - Found XEFHELP4.txt (text/plain) in USZCZT0.XEF.V62, moved to XEFV62/XEFHELP4
2025-04-04 09:40:53.167934 - Found XEFINF.txt (text/plain) in USZCZT0.XEF.V62, moved to XEFV62/XEFINF
2025-04-04 09:40:53.168053 - Found XEFINFD.txt (text/plain) in USZCZT0.XEF.V62, moved to XEFV62/XEFINFD
2025-04-04 09:40:53.168169 - Found XEFINFE.txt (text/plain) in USZCZT0.XEF.V62, moved to XEFV62/XEFINFE
2025-04-04 09:40:53.168292 - Found XEFINFP.txt (text/plain) in USZCZT0.XEF.V62, moved to XEFV62/XEFINFP
2025-04-04 09:40:53.168417 - Found XEFINFS.txt (text/plain) in USZCZT0.XEF.V62, moved to XEFV62/XEFINFS
2025-04-04 09:40:53.168538 - Found XEFMENU.txt (text/plain) in USZCZT0.XEF.V62, moved to XEFV62/XEFMENU
2025-04-04 09:40:53.168661 - Found XEF00.txt (text/plain) in USZCZT0.XEF.V62, moved to XEFV62/XEF00
2025-04-04 09:40:53.169318 - Found XEF00.txt (text/plain) in SBGOLOB.CBT509.FILE434, moved to PDS/XEF00
2025-04-04 09:40:53.169477 - Found XEF62.xmi (application/xmit) in SBGOLOB.CBT509.FILE434, moved to PDS/XEF62.xmi
2025-04-04 09:40:53.300822 - Received USZCZT0.XEF.V62 from XEF62.xmi 
2025-04-04 09:40:53.301646 - Found XEF.rexx (text/plain) in USZCZT0.XEF.V62, moved to XEF62/XEF
2025-04-04 09:40:53.301792 - Found XEFCLIST.txt (text/plain) in USZCZT0.XEF.V62, moved to XEF62/XEFCLIST
2025-04-04 09:40:53.301938 - Found XEFHELP.txt (text/plain) in USZCZT0.XEF.V62, moved to XEF62/XEFHELP
2025-04-04 09:40:53.302069 - Found XEFHELP2.txt (text/plain) in USZCZT0.XEF.V62, moved to XEF62/XEFHELP2
2025-04-04 09:40:53.302187 - Found XEFHELP3.txt (text/plain) in USZCZT0.XEF.V62, moved to XEF62/XEFHELP3
2025-04-04 09:40:53.302303 - Found XEFHELP4.txt (text/plain) in USZCZT0.XEF.V62, moved to XEF62/XEFHELP4
2025-04-04 09:40:53.302433 - Found XEFINF.txt (text/plain) in USZCZT0.XEF.V62, moved to XEF62/XEFINF
2025-04-04 09:40:53.302557 - Found XEFINFD.txt (text/plain) in USZCZT0.XEF.V62, moved to XEF62/XEFINFD
2025-04-04 09:40:53.302673 - Found XEFINFE.txt (text/plain) in USZCZT0.XEF.V62, moved to XEF62/XEFINFE
2025-04-04 09:40:53.302801 - Found XEFINFP.txt (text/plain) in USZCZT0.XEF.V62, moved to XEF62/XEFINFP
2025-04-04 09:40:53.302918 - Found XEFINFS.txt (text/plain) in USZCZT0.XEF.V62, moved to XEF62/XEFINFS
2025-04-04 09:40:53.303037 - Found XEFMENU.txt (text/plain) in USZCZT0.XEF.V62, moved to XEF62/XEFMENU
2025-04-04 09:40:53.303161 - Found XEF00.txt (text/plain) in USZCZT0.XEF.V62, moved to XEF62/XEF00
2025-04-04 09:40:53.303812 - Found XLISTC.rexx (text/plain) in SBGOLOB.CBT509.FILE434, moved to PDS/XLISTC
2025-04-04 09:40:53.303955 - Found XMEMLIST.rexx (text/plain) in SBGOLOB.CBT509.FILE434, moved to PDS/XMEMLIST
2025-04-04 09:40:53.304099 - Found XVIEW.rexx (text/plain) in SBGOLOB.CBT509.FILE434, moved to PDS/XVIEW
2025-04-04 09:40:53.304229 - Found ZBROWSE.rexx (text/plain) in SBGOLOB.CBT509.FILE434, moved to PDS/ZBROWSE
2025-04-04 09:40:53.304359 - Found ZEDIT.rexx (text/plain) in SBGOLOB.CBT509.FILE434, moved to PDS/ZEDIT
2025-04-04 09:40:53.304491 - Found ZVIEW.rexx (text/plain) in SBGOLOB.CBT509.FILE434, moved to PDS/ZVIEW
